# JRE version: Java(TM) SE Runtime Environment (8.0_221-b11) (build 1.8.0_221-b11)
# Java VM: Java HotSpot(TM) 64-Bit Server VM (25.221-b11 mixed mode windows-amd64 compressed oops)
Heap:
 par new generation   total 77440K, used 64265K [0x0000000600000000, 0x0000000605400000, 0x0000000670000000)
  eden space 68864K,  90% used [0x0000000600000000, 0x0000000603c8cfb8, 0x0000000604340000)
  from space 8576K,  26% used [0x0000000604340000, 0x0000000604575488, 0x0000000604ba0000)
  to   space 8576K,   0% used [0x0000000604ba0000, 0x0000000604ba0000, 0x0000000605400000)
 concurrent mark-sweep generation total 3606992K, used 2315851K [0x0000000670000000, 0x000000074c274000, 0x00000007c0000000)
 Metaspace       used 199966K, capacity 208759K, committed 209048K, reserved 1224704K
  class space    used 30848K, capacity 32845K, committed 32920K, reserved 1048576K
GC Heap History (10 events):
Event: 2982.135 GC heap before
{Heap before GC invocations=1399 (full 16):
 par new generation   total 77440K, used 69867K [0x0000000600000000, 0x0000000605400000, 0x0000000670000000)
  eden space 68864K,  98% used [0x0000000600000000, 0x0000000604278500, 0x0000000604340000)
  from space 8576K,  21% used [0x0000000604ba0000, 0x0000000604d62768, 0x0000000605400000)
  to   space 8576K,   0% used [0x0000000604340000, 0x0000000604340000, 0x0000000604ba0000)
 concurrent mark-sweep generation total 3606992K, used 2314779K [0x0000000670000000, 0x000000074c274000, 0x00000007c0000000)
 Metaspace       used 199452K, capacity 208217K, committed 208536K, reserved 1224704K
  class space    used 30847K, capacity 32844K, committed 32920K, reserved 1048576K
Event: 2982.147 GC heap after
Heap after GC invocations=1400 (full 16):
 par new generation   total 77440K, used 2080K [0x0000000600000000, 0x0000000605400000, 0x0000000670000000)
  eden space 68864K,   0% used [0x0000000600000000, 0x0000000600000000, 0x0000000604340000)
  from space 8576K,  24% used [0x0000000604340000, 0x0000000604548348, 0x0000000604ba0000)
  to   space 8576K,   0% used [0x0000000604ba0000, 0x0000000604ba0000, 0x0000000605400000)
 concurrent mark-sweep generation total 3606992K, used 2315042K [0x0000000670000000, 0x000000074c274000, 0x00000007c0000000)
 Metaspace       used 199452K, capacity 208217K, committed 208536K, reserved 1224704K
  class space    used 30847K, capacity 32844K, committed 32920K, reserved 1048576K
}
Event: 2982.186 GC heap before
{Heap before GC invocations=1400 (full 16):
 par new generation   total 77440K, used 70370K [0x0000000600000000, 0x0000000605400000, 0x0000000670000000)
  eden space 68864K,  99% used [0x0000000600000000, 0x00000006042b0628, 0x0000000604340000)
  from space 8576K,  24% used [0x0000000604340000, 0x0000000604548348, 0x0000000604ba0000)
  to   space 8576K,   0% used [0x0000000604ba0000, 0x0000000604ba0000, 0x0000000605400000)
 concurrent mark-sweep generation total 3606992K, used 2315042K [0x0000000670000000, 0x000000074c274000, 0x00000007c0000000)
 Metaspace       used 199454K, capacity 208217K, committed 208536K, reserved 1224704K
  class space    used 30847K, capacity 32844K, committed 32920K, reserved 1048576K
Event: 2982.198 GC heap after
Heap after GC invocations=1401 (full 16):
 par new generation   total 77440K, used 1520K [0x0000000600000000, 0x0000000605400000, 0x0000000670000000)
  eden space 68864K,   0% used [0x0000000600000000, 0x0000000600000000, 0x0000000604340000)
  from space 8576K,  17% used [0x0000000604ba0000, 0x0000000604d1c280, 0x0000000605400000)
  to   space 8576K,   0% used [0x0000000604340000, 0x0000000604340000, 0x0000000604ba0000)
 concurrent mark-sweep generation total 3606992K, used 2315518K [0x0000000670000000, 0x000000074c274000, 0x00000007c0000000)
 Metaspace       used 199454K, capacity 208217K, committed 208536K, reserved 1224704K
  class space    used 30847K, capacity 32844K, committed 32920K, reserved 1048576K
}
Event: 2982.699 GC heap before
{Heap before GC invocations=1401 (full 16):
 par new generation   total 77440K, used 70384K [0x0000000600000000, 0x0000000605400000, 0x0000000670000000)
  eden space 68864K, 100% used [0x0000000600000000, 0x0000000604340000, 0x0000000604340000)
  from space 8576K,  17% used [0x0000000604ba0000, 0x0000000604d1c280, 0x0000000605400000)
  to   space 8576K,   0% used [0x0000000604340000, 0x0000000604340000, 0x0000000604ba0000)
 concurrent mark-sweep generation total 3606992K, used 2315518K [0x0000000670000000, 0x000000074c274000, 0x00000007c0000000)
 Metaspace       used 199531K, capacity 208285K, committed 208536K, reserved 1224704K
  class space    used 30847K, capacity 32844K, committed 32920K, reserved 1048576K
Event: 2982.711 GC heap after
Heap after GC invocations=1402 (full 16):
 par new generation   total 77440K, used 1675K [0x0000000600000000, 0x0000000605400000, 0x0000000670000000)
  eden space 68864K,   0% used [0x0000000600000000, 0x0000000600000000, 0x0000000604340000)
  from space 8576K,  19% used [0x0000000604340000, 0x00000006044e2e58, 0x0000000604ba0000)
  to   space 8576K,   0% used [0x0000000604ba0000, 0x0000000604ba0000, 0x0000000605400000)
 concurrent mark-sweep generation total 3606992K, used 2315657K [0x0000000670000000, 0x000000074c274000, 0x00000007c0000000)
 Metaspace       used 199531K, capacity 208285K, committed 208536K, reserved 1224704K
  class space    used 30847K, capacity 32844K, committed 32920K, reserved 1048576K
}
Event: 2983.411 GC heap before
{Heap before GC invocations=1402 (full 16):
 par new generation   total 77440K, used 70539K [0x0000000600000000, 0x0000000605400000, 0x0000000670000000)
  eden space 68864K, 100% used [0x0000000600000000, 0x0000000604340000, 0x0000000604340000)
  from space 8576K,  19% used [0x0000000604340000, 0x00000006044e2e58, 0x0000000604ba0000)
  to   space 8576K,   0% used [0x0000000604ba0000, 0x0000000604ba0000, 0x0000000605400000)
 concurrent mark-sweep generation total 3606992K, used 2315657K [0x0000000670000000, 0x000000074c274000, 0x00000007c0000000)
 Metaspace       used 199698K, capacity 208435K, committed 208536K, reserved 1224704K
  class space    used 30848K, capacity 32845K, committed 32920K, reserved 1048576K
Event: 2983.422 GC heap after
Heap after GC invocations=1403 (full 16):
 par new generation   total 77440K, used 2317K [0x0000000600000000, 0x0000000605400000, 0x0000000670000000)
  eden space 68864K,   0% used [0x0000000600000000, 0x0000000600000000, 0x0000000604340000)
  from space 8576K,  27% used [0x0000000604ba0000, 0x0000000604de3450, 0x0000000605400000)
  to   space 8576K,   0% used [0x0000000604340000, 0x0000000604340000, 0x0000000604ba0000)
 concurrent mark-sweep generation total 3606992K, used 2315735K [0x0000000670000000, 0x000000074c274000, 0x00000007c0000000)
 Metaspace       used 199698K, capacity 208435K, committed 208536K, reserved 1224704K
  class space    used 30848K, capacity 32845K, committed 32920K, reserved 1048576K
}
Event: 2984.260 GC heap before
{Heap before GC invocations=1403 (full 16):
 par new generation   total 77440K, used 71181K [0x0000000600000000, 0x0000000605400000, 0x0000000670000000)
  eden space 68864K, 100% used [0x0000000600000000, 0x0000000604340000, 0x0000000604340000)
  from space 8576K,  27% used [0x0000000604ba0000, 0x0000000604de3450, 0x0000000605400000)
  to   space 8576K,   0% used [0x0000000604340000, 0x0000000604340000, 0x0000000604ba0000)
 concurrent mark-sweep generation total 3606992K, used 2315735K [0x0000000670000000, 0x000000074c274000, 0x00000007c0000000)
 Metaspace       used 199750K, capacity 208503K, committed 208792K, reserved 1224704K
  class space    used 30848K, capacity 32845K, committed 32920K, reserved 1048576K
Event: 2984.272 GC heap after
Heap after GC invocations=1404 (full 16):
 par new generation   total 77440K, used 2261K [0x0000000600000000, 0x0000000605400000, 0x0000000670000000)
  eden space 68864K,   0% used [0x0000000600000000, 0x0000000600000000, 0x0000000604340000)
  from space 8576K,  26% used [0x0000000604340000, 0x0000000604575488, 0x0000000604ba0000)
  to   space 8576K,   0% used [0x0000000604ba0000, 0x0000000604ba0000, 0x0000000605400000)
 concurrent mark-sweep generation total 3606992K, used 2315851K [0x0000000670000000, 0x000000074c274000, 0x00000007c0000000)
 Metaspace       used 199750K, capacity 208503K, committed 208792K, reserved 1224704K
  class space    used 30848K, capacity 32845K, committed 32920K, reserved 1048576K
}

