# JRE version: Java(TM) SE Runtime Environment (8.0_221-b11) (build 1.8.0_221-b11)
# Java VM: Java HotSpot(TM) 64-Bit Server VM (25.221-b11 mixed mode windows-amd64 compressed oops)
Heap:
 par new generation   total 77440K, used 77035K [0x0000000600000000, 0x0000000605400000, 0x0000000670000000)
  eden space 68864K,  99% used [0x0000000600000000, 0x00000006042dad18, 0x0000000604340000)
  from space 8576K, 100% used [0x0000000604ba0000, 0x0000000605400000, 0x0000000605400000)
  to   space 8576K,   0% used [0x0000000604340000, 0x0000000604340000, 0x0000000604ba0000)
 concurrent mark-sweep generation total 3407708K, used 2295875K [0x0000000670000000, 0x000000073ffd7000, 0x00000007c0000000)
 Metaspace       used 194198K, capacity 202727K, committed 202968K, reserved 1220608K
  class space    used 30521K, capacity 32457K, committed 32472K, reserved 1048576K
GC Heap History (10 events):
Event: 235.421 GC heap before
{Heap before GC invocations=852 (full 14):
 par new generation   total 77440K, used 74747K [0x0000000600000000, 0x0000000605400000, 0x0000000670000000)
  eden space 68864K, 100% used [0x0000000600000000, 0x0000000604340000, 0x0000000604340000)
  from space 8576K,  68% used [0x0000000604340000, 0x00000006048fec18, 0x0000000604ba0000)
  to   space 8576K,   0% used [0x0000000604ba0000, 0x0000000604ba0000, 0x0000000605400000)
 concurrent mark-sweep generation total 3407708K, used 2277287K [0x0000000670000000, 0x000000073ffd7000, 0x00000007c0000000)
 Metaspace       used 193133K, capacity 201533K, committed 201560K, reserved 1218560K
  class space    used 30420K, capacity 32340K, committed 32344K, reserved 1048576K
Event: 235.434 GC heap after
Heap after GC invocations=853 (full 14):
 par new generation   total 77440K, used 7274K [0x0000000600000000, 0x0000000605400000, 0x0000000670000000)
  eden space 68864K,   0% used [0x0000000600000000, 0x0000000600000000, 0x0000000604340000)
  from space 8576K,  84% used [0x0000000604ba0000, 0x00000006052ba840, 0x0000000605400000)
  to   space 8576K,   0% used [0x0000000604340000, 0x0000000604340000, 0x0000000604ba0000)
 concurrent mark-sweep generation total 3407708K, used 2278074K [0x0000000670000000, 0x000000073ffd7000, 0x00000007c0000000)
 Metaspace       used 193133K, capacity 201533K, committed 201560K, reserved 1218560K
  class space    used 30420K, capacity 32340K, committed 32344K, reserved 1048576K
}
Event: 235.735 GC heap before
{Heap before GC invocations=853 (full 14):
 par new generation   total 77440K, used 76138K [0x0000000600000000, 0x0000000605400000, 0x0000000670000000)
  eden space 68864K, 100% used [0x0000000600000000, 0x0000000604340000, 0x0000000604340000)
  from space 8576K,  84% used [0x0000000604ba0000, 0x00000006052ba840, 0x0000000605400000)
  to   space 8576K,   0% used [0x0000000604340000, 0x0000000604340000, 0x0000000604ba0000)
 concurrent mark-sweep generation total 3407708K, used 2278074K [0x0000000670000000, 0x000000073ffd7000, 0x00000007c0000000)
 Metaspace       used 193725K, capacity 202201K, committed 202456K, reserved 1218560K
  class space    used 30491K, capacity 32438K, committed 32472K, reserved 1048576K
Event: 235.754 GC heap after
Heap after GC invocations=854 (full 14):
 par new generation   total 77440K, used 8576K [0x0000000600000000, 0x0000000605400000, 0x0000000670000000)
  eden space 68864K,   0% used [0x0000000600000000, 0x0000000600000000, 0x0000000604340000)
  from space 8576K, 100% used [0x0000000604340000, 0x0000000604ba0000, 0x0000000604ba0000)
  to   space 8576K,   0% used [0x0000000604ba0000, 0x0000000604ba0000, 0x0000000605400000)
 concurrent mark-sweep generation total 3407708K, used 2281334K [0x0000000670000000, 0x000000073ffd7000, 0x00000007c0000000)
 Metaspace       used 193725K, capacity 202201K, committed 202456K, reserved 1218560K
  class space    used 30491K, capacity 32438K, committed 32472K, reserved 1048576K
}
Event: 235.868 GC heap before
{Heap before GC invocations=854 (full 14):
 par new generation   total 77440K, used 77440K [0x0000000600000000, 0x0000000605400000, 0x0000000670000000)
  eden space 68864K, 100% used [0x0000000600000000, 0x0000000604340000, 0x0000000604340000)
  from space 8576K, 100% used [0x0000000604340000, 0x0000000604ba0000, 0x0000000604ba0000)
  to   space 8576K,   0% used [0x0000000604ba0000, 0x0000000604ba0000, 0x0000000605400000)
 concurrent mark-sweep generation total 3407708K, used 2281334K [0x0000000670000000, 0x000000073ffd7000, 0x00000007c0000000)
 Metaspace       used 193885K, capacity 202365K, committed 202456K, reserved 1218560K
  class space    used 30509K, capacity 32450K, committed 32472K, reserved 1048576K
Event: 235.881 GC heap after
Heap after GC invocations=855 (full 14):
 par new generation   total 77440K, used 6646K [0x0000000600000000, 0x0000000605400000, 0x0000000670000000)
  eden space 68864K,   0% used [0x0000000600000000, 0x0000000600000000, 0x0000000604340000)
  from space 8576K,  77% used [0x0000000604ba0000, 0x000000060521d9f8, 0x0000000605400000)
  to   space 8576K,   0% used [0x0000000604340000, 0x0000000604340000, 0x0000000604ba0000)
 concurrent mark-sweep generation total 3407708K, used 2285068K [0x0000000670000000, 0x000000073ffd7000, 0x00000007c0000000)
 Metaspace       used 193885K, capacity 202365K, committed 202456K, reserved 1218560K
  class space    used 30509K, capacity 32450K, committed 32472K, reserved 1048576K
}
Event: 236.012 GC heap before
{Heap before GC invocations=855 (full 14):
 par new generation   total 77440K, used 75510K [0x0000000600000000, 0x0000000605400000, 0x0000000670000000)
  eden space 68864K, 100% used [0x0000000600000000, 0x0000000604340000, 0x0000000604340000)
  from space 8576K,  77% used [0x0000000604ba0000, 0x000000060521d9f8, 0x0000000605400000)
  to   space 8576K,   0% used [0x0000000604340000, 0x0000000604340000, 0x0000000604ba0000)
 concurrent mark-sweep generation total 3407708K, used 2285068K [0x0000000670000000, 0x000000073ffd7000, 0x00000007c0000000)
 Metaspace       used 193966K, capacity 202429K, committed 202456K, reserved 1218560K
  class space    used 30511K, capacity 32450K, committed 32472K, reserved 1048576K
Event: 236.025 GC heap after
Heap after GC invocations=856 (full 14):
 par new generation   total 77440K, used 8221K [0x0000000600000000, 0x0000000605400000, 0x0000000670000000)
  eden space 68864K,   0% used [0x0000000600000000, 0x0000000600000000, 0x0000000604340000)
  from space 8576K,  95% used [0x0000000604340000, 0x0000000604b474b0, 0x0000000604ba0000)
  to   space 8576K,   0% used [0x0000000604ba0000, 0x0000000604ba0000, 0x0000000605400000)
 concurrent mark-sweep generation total 3407708K, used 2285068K [0x0000000670000000, 0x000000073ffd7000, 0x00000007c0000000)
 Metaspace       used 193966K, capacity 202429K, committed 202456K, reserved 1218560K
  class space    used 30511K, capacity 32450K, committed 32472K, reserved 1048576K
}
Event: 236.207 GC heap before
{Heap before GC invocations=856 (full 14):
 par new generation   total 77440K, used 77085K [0x0000000600000000, 0x0000000605400000, 0x0000000670000000)
  eden space 68864K, 100% used [0x0000000600000000, 0x0000000604340000, 0x0000000604340000)
  from space 8576K,  95% used [0x0000000604340000, 0x0000000604b474b0, 0x0000000604ba0000)
  to   space 8576K,   0% used [0x0000000604ba0000, 0x0000000604ba0000, 0x0000000605400000)
 concurrent mark-sweep generation total 3407708K, used 2285068K [0x0000000670000000, 0x000000073ffd7000, 0x00000007c0000000)
 Metaspace       used 194147K, capacity 202629K, committed 202712K, reserved 1220608K
  class space    used 30517K, capacity 32452K, committed 32472K, reserved 1048576K
Event: 236.225 GC heap after
Heap after GC invocations=857 (full 14):
 par new generation   total 77440K, used 8576K [0x0000000600000000, 0x0000000605400000, 0x0000000670000000)
  eden space 68864K,   0% used [0x0000000600000000, 0x0000000600000000, 0x0000000604340000)
  from space 8576K, 100% used [0x0000000604ba0000, 0x0000000605400000, 0x0000000605400000)
  to   space 8576K,   0% used [0x0000000604340000, 0x0000000604340000, 0x0000000604ba0000)
 concurrent mark-sweep generation total 3407708K, used 2295875K [0x0000000670000000, 0x000000073ffd7000, 0x00000007c0000000)
 Metaspace       used 194147K, capacity 202629K, committed 202712K, reserved 1220608K
  class space    used 30517K, capacity 32452K, committed 32472K, reserved 1048576K
}

